25-07-05.00:24:46.358 [HikariCP housekeeper] WARN  HikariPool             - HikariCP - Thread starvation or clock leap detected (housekeeper delta=1h18m31s184ms).
25-07-05.01:47:13.251 [HikariCP housekeeper] WARN  HikariPool             - HikariCP - Thread starvation or clock leap detected (housekeeper delta=1h22m26s893ms).
25-07-05.03:27:59.647 [HikariCP housekeeper] WARN  HikariPool             - HikariCP - Thread starvation or clock leap detected (housekeeper delta=1h40m46s396ms).
25-07-05.05:06:02.661 [HikariCP housekeeper] WARN  HikariPool             - HikariCP - Thread starvation or clock leap detected (housekeeper delta=1h38m3s14ms).
25-07-05.06:19:13.627 [HikariCP housekeeper] WARN  HikariPool             - HikariCP - Thread starvation or clock leap detected (housekeeper delta=1h13m10s965ms).
25-07-05.07:40:23.805 [HikariCP housekeeper] WARN  HikariPool             - HikariCP - Thread starvation or clock leap detected (housekeeper delta=1h21m10s179ms).
25-07-05.08:48:41.401 [HikariCP housekeeper] WARN  HikariPool             - HikariCP - Thread starvation or clock leap detected (housekeeper delta=1h8m17s596ms).
25-07-05.10:14:01.830 [HikariCP housekeeper] WARN  HikariPool             - HikariCP - Thread starvation or clock leap detected (housekeeper delta=1h25m20s429ms).
25-07-05.11:08:01.502 [HikariCP housekeeper] WARN  HikariPool             - HikariCP - Thread starvation or clock leap detected (housekeeper delta=53m59s668ms).
25-07-05.11:43:01.327 [HikariCP housekeeper] WARN  HikariPool             - HikariCP - Thread starvation or clock leap detected (housekeeper delta=29m59s778ms).
25-07-05.13:05:32.893 [HikariCP housekeeper] WARN  HikariPool             - HikariCP - Thread starvation or clock leap detected (housekeeper delta=1h22m31s567ms).
25-07-05.14:15:11.714 [HikariCP housekeeper] WARN  HikariPool             - HikariCP - Thread starvation or clock leap detected (housekeeper delta=1h9m38s821ms).
25-07-05.15:16:10.899 [HikariCP housekeeper] WARN  HikariPool             - HikariCP - Thread starvation or clock leap detected (housekeeper delta=1h59s185ms).
25-07-05.16:33:45.688 [HikariCP housekeeper] WARN  HikariPool             - HikariCP - Thread starvation or clock leap detected (housekeeper delta=1h17m34s789ms).
25-07-05.17:50:53.831 [HikariCP housekeeper] WARN  HikariPool             - HikariCP - Thread starvation or clock leap detected (housekeeper delta=1h17m8s143ms).
25-07-05.19:09:27.729 [HikariCP housekeeper] WARN  HikariPool             - HikariCP - Thread starvation or clock leap detected (housekeeper delta=1h18m33s898ms).
25-07-05.20:03:55.996 [HikariCP housekeeper] WARN  HikariPool             - HikariCP - Thread starvation or clock leap detected (housekeeper delta=54m28s266ms).
25-07-05.21:34:11.450 [HikariCP housekeeper] WARN  HikariPool             - HikariCP - Thread starvation or clock leap detected (housekeeper delta=14m44s837ms).
25-07-05.21:34:41.312 [HikariCP housekeeper] WARN  HikariPool             - HikariCP - Retrograde clock change detected (housekeeper delta=29s866ms), soft-evicting connections from pool.
25-07-05.22:20:45.608 [HikariCP housekeeper] WARN  HikariPool             - HikariCP - Thread starvation or clock leap detected (housekeeper delta=16m4s14ms).
25-07-05.22:29:16.266 [HikariCP housekeeper] WARN  HikariPool             - HikariCP - Thread starvation or clock leap detected (housekeeper delta=6m624ms).
25-07-05.22:45:30.403 [HikariCP housekeeper] WARN  HikariPool             - HikariCP - Thread starvation or clock leap detected (housekeeper delta=15m44s131ms).
25-07-05.22:46:25.445 [HikariCP housekeeper] WARN  HikariPool             - HikariCP - Thread starvation or clock leap detected (housekeeper delta=55s43ms).
25-07-05.23:02:44.330 [HikariCP housekeeper] WARN  HikariPool             - HikariCP - Thread starvation or clock leap detected (housekeeper delta=15m48s881ms).
25-07-05.23:18:29.316 [HikariCP housekeeper] WARN  HikariPool             - HikariCP - Thread starvation or clock leap detected (housekeeper delta=15m44s986ms).
25-07-05.23:34:37.307 [HikariCP housekeeper] WARN  HikariPool             - HikariCP - Thread starvation or clock leap detected (housekeeper delta=15m37s990ms).
