25-07-16.09:26:06.962 [main            ] WARN  DuplicateJsonObjectContextCustomizerFactory$DuplicateJsonObjectContextCustomizer - 

Found multiple occurrences of org.json.JSONObject on the class path:

	jar:file:/Users/wawakan/.m2/repository/com/vaadin/external/google/android-json/0.0.20131108.vaadin1/android-json-0.0.20131108.vaadin1.jar!/org/json/JSONObject.class
	jar:file:/Users/wawakan/.m2/repository/org/json/json/20231013/json-20231013.jar!/org/json/JSONObject.class

You may wish to exclude one of them to ensure predictable runtime behavior

25-07-16.09:26:06.972 [main            ] INFO  JGitTest               - Starting JGitTest using Java 17.0.14 with PID 1206 (started by wawakan in /Users/wawakan/java/project/ai-rag-test/ai-rag-app)
25-07-16.09:26:06.972 [main            ] INFO  JGitTest               - The following 1 profile is active: "dev"
25-07-16.09:26:07.406 [main            ] INFO  RepositoryConfigurationDelegate - Multiple Spring Data modules found, entering strict repository configuration mode
25-07-16.09:26:07.407 [main            ] INFO  RepositoryConfigurationDelegate - Bootstrapping Spring Data Redis repositories in DEFAULT mode.
25-07-16.09:26:07.419 [main            ] INFO  RepositoryConfigurationDelegate - Finished Spring Data repository scanning in 6 ms. Found 0 Redis repository interfaces.
25-07-16.09:26:07.832 [main            ] INFO  HikariDataSource       - HikariCP - Starting...
25-07-16.09:26:07.943 [main            ] INFO  HikariPool             - HikariCP - Added connection org.postgresql.jdbc.PgConnection@3041beb3
25-07-16.09:26:07.944 [main            ] INFO  HikariDataSource       - HikariCP - Start completed.
25-07-16.09:26:13.287 [main            ] INFO  Version                - Redisson 3.44.0
25-07-16.09:26:13.314 [main            ] WARN  DnsServerAddressStreamProviders - Can not find io.netty.resolver.dns.macos.MacOSDnsServerAddressStreamProvider in the classpath, fallback to system defaults. This may result in incorrect DNS resolutions on MacOS. Check whether you have a dependency on 'io.netty:netty-resolver-dns-native-macos'
25-07-16.09:26:13.435 [redisson-netty-1-4] INFO  ConnectionsHolder      - 1 connections initialized for 127.0.0.1/127.0.0.1:16379
25-07-16.09:26:13.449 [redisson-netty-1-13] INFO  ConnectionsHolder      - 5 connections initialized for 127.0.0.1/127.0.0.1:16379
25-07-16.09:26:14.151 [main            ] INFO  JGitTest               - Started JGitTest in 7.422 seconds (process running for 8.791)
25-07-16.09:26:14.718 [main            ] INFO  JGitTest               - 克隆路径：/Users/wawakan/java/project/ai-rag-test/ai-rag-app/./cloned-repo
25-07-16.09:26:16.504 [SpringApplicationShutdownHook] INFO  HikariDataSource       - HikariCP - Shutdown initiated...
25-07-16.09:26:16.506 [SpringApplicationShutdownHook] INFO  HikariDataSource       - HikariCP - Shutdown completed.
